<?xml version="1.0" encoding="UTF-8"?>
<testsuite name="pl.shift4.cronparser.CronExpressionParserSpec" tests="6" skipped="0" failures="0" errors="0" timestamp="2023-03-21T14:29:30" hostname="oxr-laptop" time="0.234">
  <properties/>
  <testcase name="should parse field expression with asterisk correctly" classname="pl.shift4.cronparser.CronExpressionParserSpec" time="0.171"/>
  <testcase name="should parse field expression with comma correctly" classname="pl.shift4.cronparser.CronExpressionParserSpec" time="0.004"/>
  <testcase name="should parse field expression with dash correctly" classname="pl.shift4.cronparser.CronExpressionParserSpec" time="0.003"/>
  <testcase name="should parse field expression with slash correctly" classname="pl.shift4.cronparser.CronExpressionParserSpec" time="0.003"/>
  <testcase name="should parse field expression with number correctly" classname="pl.shift4.cronparser.CronExpressionParserSpec" time="0.028"/>
  <testcase name="should parse whole cron expression correctly" classname="pl.shift4.cronparser.CronExpressionParserSpec" time="0.015"/>
  <system-out><![CDATA[]]></system-out>
  <system-err><![CDATA[]]></system-err>
</testsuite>
